Fri Nov 28 21:33:27 GMT 2014 : Apache Derby Network Server - 10.10.1.3 - (1557168) started and ready to accept connections on port 1527
----------------------------------------------------------------
Fri Nov 28 21:41:05 GMT 2014:
Booting Derby version The Apache Software Foundation - Apache Derby - 10.10.1.3 - (1557168): instance a816c00e-0149-f852-abf1-000018bcfb08 
on database directory D:\dropbox\School stuffffff\Barry`s stuff\Year 4\Network programming and distributed systems\Project\Project\MemoryCatcher\Arnis with class loader sun.misc.Launcher$AppClassLoader@1d44bcfa 
Loaded from file:/C:/Program%20Files/Java/jdk1.8.0_25/db/lib/derby.jar
java.vendor=Oracle Corporation
java.runtime.version=1.8.0_25-b18
user.dir=C:\Program Files\Java\jdk1.8.0_25\db
os.name=Windows 8.1
os.arch=amd64
os.version=6.3
derby.system.home=D:\dropbox\School stuffffff\Barry`s stuff\Year 4\Network programming and distributed systems\Project\Project\MemoryCatcher
Database Class Loader started - derby.database.classpath=''
----------------------------------------------------------------
Fri Nov 28 21:41:12 GMT 2014:
Shutting down instance a816c00e-0149-f852-abf1-000018bcfb08 on database directory D:\dropbox\School stuffffff\Barry`s stuff\Year 4\Network programming and distributed systems\Project\Project\MemoryCatcher\Arnis with class loader sun.misc.Launcher$AppClassLoader@1d44bcfa 
Fri Nov 28 21:41:12 GMT 2014 Thread[DRDAConnThread_3,5,main] (DATABASE = Arnis), (DRDAID = {2}), Database 'Arnis' shutdown.
----------------------------------------------------------------
Fri Nov 28 21:42:09 GMT 2014:
Booting Derby version The Apache Software Foundation - Apache Derby - 10.10.1.3 - (1557168): instance 560740aa-0149-f852-abf1-000018bcfb08 
on database directory D:\dropbox\School stuffffff\Barry`s stuff\Year 4\Network programming and distributed systems\Project\Project\MemoryCatcher\Arnis with class loader sun.misc.Launcher$AppClassLoader@1d44bcfa 
Loaded from file:/C:/Program%20Files/Java/jdk1.8.0_25/db/lib/derby.jar
java.vendor=Oracle Corporation
java.runtime.version=1.8.0_25-b18
user.dir=C:\Program Files\Java\jdk1.8.0_25\db
os.name=Windows 8.1
os.arch=amd64
os.version=6.3
derby.system.home=D:\dropbox\School stuffffff\Barry`s stuff\Year 4\Network programming and distributed systems\Project\Project\MemoryCatcher
Database Class Loader started - derby.database.classpath=''
----------------------------------------------------------------
Sat Nov 29 01:18:20 GMT 2014: Shutting down Derby engine
