Fri Nov 28 14:51:38 GMT 2014 : Apache Derby Network Server - 10.10.1.3 - (1557168) started and ready to accept connections on port 1527
----------------------------------------------------------------
Fri Nov 28 15:21:18 GMT 2014:
Booting Derby version The Apache Software Foundation - Apache Derby - 10.10.1.3 - (1557168): instance a816c00e-0149-f6e2-c5cb-000014b716f5 
on database directory C:\Users\Arnis\Dropbox\School stuffffff\Barry`s stuff\Year 4\Network programming and distributed systems\Project\Project\MemoryCatcher with class loader sun.misc.Launcher$AppClassLoader@1d44bcfa 
Loaded from file:/C:/Program%20Files/Java/jdk1.8.0_25/db/lib/derby.jar
java.vendor=Oracle Corporation
java.runtime.version=1.8.0_25-b18
user.dir=C:\Program Files\Java\jdk1.8.0_25\db
os.name=Windows 8.1
os.arch=amd64
os.version=6.3
derby.system.home=C:\Users\Arnis\Dropbox\School stuffffff\Barry`s stuff\Year 4\Network programming and distributed systems\Project\Project
Database Class Loader started - derby.database.classpath=''
----------------------------------------------------------------
Fri Nov 28 22:59:52 GMT 2014: Shutting down Derby engine
----------------------------------------------------------------
Fri Nov 28 22:59:52 GMT 2014:
Shutting down instance a816c00e-0149-f6e2-c5cb-000014b716f5 on database directory C:\Users\Arnis\Dropbox\School stuffffff\Barry`s stuff\Year 4\Network programming and distributed systems\Project\Project\MemoryCatcher with class loader sun.misc.Launcher$AppClassLoader@1d44bcfa 
----------------------------------------------------------------
